The system is: Windows - 10.0.18362 - AMD64
Compiling the C compiler identification source file "CMakeCCompilerId.c" succeeded.
Compiler: C:/Program Files (x86)/Microsoft Visual Studio/2017/Community/VC/Tools/MSVC/14.15.26726/bin/Hostx64/x64/cl.exe 
Build flags: 
Id flags:  

The output was:
0
Compilateur d'optimisation Microsoft (R) C/C++ versionÿ19.15.26730 pour x64
Copyright (C) Microsoft Corporation. Tous droits r‚serv‚s.

CMakeCCompilerId.c
Microsoft (R) Incremental Linker Version 14.15.26730.0
Copyright (C) Microsoft Corporation.  All rights reserved.

/out:CMakeCCompilerId.exe 
CMakeCCompilerId.obj 


Compilation of the C compiler identification source "CMakeCCompilerId.c" produced "CMakeCCompilerId.exe"

Compilation of the C compiler identification source "CMakeCCompilerId.c" produced "CMakeCCompilerId.obj"

The C compiler identification is MSVC, found in "c:/Unif/Bac 2 Q2/SDA/Projet 3/image-slimming/build/CMakeFiles/3.11.18040201-MSVC_2/CompilerIdC/CMakeCCompilerId.exe"

Determining if the C compiler works passed with the following output:
Change Dir: c:/Unif/Bac 2 Q2/SDA/Projet 3/image-slimming/build/CMakeFiles/CMakeTmp

Run Build Command:"C:/PROGRA~2/Microsoft Visual Studio/2017/Community/Common7/IDE/CommonExtensions/Microsoft/CMake/Ninja/ninja.exe" "cmTC_5c55b"
[1/2] Building C object CMakeFiles\cmTC_5c55b.dir\testCCompiler.c.obj
[2/2] Linking C executable cmTC_5c55b.exe


Detecting C compiler ABI info compiled with the following output:
Change Dir: c:/Unif/Bac 2 Q2/SDA/Projet 3/image-slimming/build/CMakeFiles/CMakeTmp

Run Build Command:"C:/PROGRA~2/Microsoft Visual Studio/2017/Community/Common7/IDE/CommonExtensions/Microsoft/CMake/Ninja/ninja.exe" "cmTC_c6ec9"
[1/2] Building C object CMakeFiles\cmTC_c6ec9.dir\CMakeCCompilerABI.c.obj
RemarqueÂ : inclusion du fichierÂ :  c:\program files (x86)\microsoft visual studio\2017\community\common7\ide\commonextensions\microsoft\cmake\cmake\share\cmake-3.11\modules\CMakeCompilerABI.h
[2/2] Linking C executable cmTC_c6ec9.exe


